Сборка начата 12.11.2016 14:34:17.
     1>Проект "C:\Users\Илья\Documents\Visual Studio 2013\Projects\da2\da2\da2.vcxproj" в узле 2 (целевые объекты Build).
     1>ClCompile:
         C:\Program Files\Microsoft Visual Studio 12.0\VC\bin\CL.exe /c /ZI /nologo /W3 /WX- /Od /Oy- /D WIN32 /D _DEBUG /D _CONSOLE /D _LIB /D _UNICODE /D UNICODE /Gm /EHsc /RTC1 /MDd /GS /fp:precise /Zc:wchar_t /Zc:forScope /Fo"Debug\\" /Fd"Debug\vc120.pdb" /Gd /TP /analyze- /errorReport:prompt da2.cpp
         da2.cpp
     1>c:\users\илья\documents\visual studio 2013\projects\da2\da2\da2.cpp(36): warning C4996: 'strdup': The POSIX name for this item is deprecated. Instead, use the ISO C++ conformant name: _strdup. See online help for details.
                 c:\program files\microsoft visual studio 12.0\vc\include\string.h(245): см. объявление "strdup"
     1>c:\users\илья\documents\visual studio 2013\projects\da2\da2\da2.cpp(60): warning C4996: 'strdup': The POSIX name for this item is deprecated. Instead, use the ISO C++ conformant name: _strdup. See online help for details.
                 c:\program files\microsoft visual studio 12.0\vc\include\string.h(245): см. объявление "strdup"
     1>c:\users\илья\documents\visual studio 2013\projects\da2\da2\da2.cpp(470): warning C4996: 'fopen': This function or variable may be unsafe. Consider using fopen_s instead. To disable deprecation, use _CRT_SECURE_NO_WARNINGS. See online help for details.
                 c:\program files\microsoft visual studio 12.0\vc\include\stdio.h(211): см. объявление "fopen"
     1>c:\users\илья\documents\visual studio 2013\projects\da2\da2\da2.cpp(475): warning C4996: 'fopen': This function or variable may be unsafe. Consider using fopen_s instead. To disable deprecation, use _CRT_SECURE_NO_WARNINGS. See online help for details.
                 c:\program files\microsoft visual studio 12.0\vc\include\stdio.h(211): см. объявление "fopen"
     1>c:\users\илья\documents\visual studio 2013\projects\da2\da2\da2.cpp(502): warning C4996: 'fopen': This function or variable may be unsafe. Consider using fopen_s instead. To disable deprecation, use _CRT_SECURE_NO_WARNINGS. See online help for details.
                 c:\program files\microsoft visual studio 12.0\vc\include\stdio.h(211): см. объявление "fopen"
     1>c:\users\илья\documents\visual studio 2013\projects\da2\da2\da2.cpp(518): warning C4996: 'fopen': This function or variable may be unsafe. Consider using fopen_s instead. To disable deprecation, use _CRT_SECURE_NO_WARNINGS. See online help for details.
                 c:\program files\microsoft visual studio 12.0\vc\include\stdio.h(211): см. объявление "fopen"
       Link:
         C:\Program Files\Microsoft Visual Studio 12.0\VC\bin\link.exe /ERRORREPORT:PROMPT /OUT:"C:\Users\Илья\Documents\Visual Studio 2013\Projects\da2\Debug\da2.exe" /INCREMENTAL /NOLOGO kernel32.lib user32.lib gdi32.lib winspool.lib comdlg32.lib advapi32.lib shell32.lib ole32.lib oleaut32.lib uuid.lib odbc32.lib odbccp32.lib /MANIFEST /MANIFESTUAC:"level='asInvoker' uiAccess='false'" /manifest:embed /DEBUG /PDB:"C:\Users\Илья\Documents\Visual Studio 2013\Projects\da2\Debug\da2.pdb" /SUBSYSTEM:CONSOLE /TLBID:1 /DYNAMICBASE /NXCOMPAT /IMPLIB:"C:\Users\Илья\Documents\Visual Studio 2013\Projects\da2\Debug\da2.lib" /MACHINE:X86 Debug\da2.obj
         Debug\stdafx.obj
         da2.vcxproj -> C:\Users\Илья\Documents\Visual Studio 2013\Projects\da2\Debug\da2.exe
     1>Сборка проекта "C:\Users\Илья\Documents\Visual Studio 2013\Projects\da2\da2\da2.vcxproj" завершена (целевые объекты Build).

Сборка успешно завершена.

Затраченное время: 00:00:00.93
