Сборка начата 10.03.2017 19:35:52.
     1>Проект "C:\Users\Илья\Documents\Visual Studio 2013\Projects\da6\ConsoleApplication1\ConsoleApplication1.vcxproj" в узле 2 (целевые объекты Build).
     1>ClCompile:
         C:\Program Files\Microsoft Visual Studio 12.0\VC\bin\CL.exe /c /ZI /nologo /W3 /WX- /sdl /Od /Oy- /D WIN32 /D _DEBUG /D _CONSOLE /D _LIB /D _UNICODE /D UNICODE /Gm /EHsc /RTC1 /MDd /GS /fp:precise /Zc:wchar_t /Zc:forScope /Fo"Debug\\" /Fd"Debug\vc120.pdb" /Gd /TP /analyze- /errorReport:prompt ConsoleApplication1.cpp
         ConsoleApplication1.cpp
     1>c:\users\илья\documents\visual studio 2013\projects\da6\consoleapplication1\consoleapplication1.cpp(30): warning C4244: аргумент: преобразование "__int64" в "unsigned int", возможна потеря данных
     1>c:\users\илья\documents\visual studio 2013\projects\da6\consoleapplication1\consoleapplication1.cpp(35): warning C4244: аргумент: преобразование "__int64" в "unsigned int", возможна потеря данных
     1>c:\users\илья\documents\visual studio 2013\projects\da6\consoleapplication1\consoleapplication1.cpp(36): warning C4244: аргумент: преобразование "__int64" в "unsigned int", возможна потеря данных
     1>c:\users\илья\documents\visual studio 2013\projects\da6\consoleapplication1\consoleapplication1.cpp(37): warning C4244: аргумент: преобразование "__int64" в "unsigned int", возможна потеря данных
     1>c:\users\илья\documents\visual studio 2013\projects\da6\consoleapplication1\consoleapplication1.cpp(38): warning C4244: аргумент: преобразование "__int64" в "unsigned int", возможна потеря данных
     1>c:\users\илья\documents\visual studio 2013\projects\da6\consoleapplication1\consoleapplication1.cpp(47): warning C4244: аргумент: преобразование "__int64" в "unsigned int", возможна потеря данных
     1>c:\users\илья\documents\visual studio 2013\projects\da6\consoleapplication1\consoleapplication1.cpp(52): warning C4244: аргумент: преобразование "__int64" в "unsigned int", возможна потеря данных
     1>c:\users\илья\documents\visual studio 2013\projects\da6\consoleapplication1\consoleapplication1.cpp(53): warning C4244: аргумент: преобразование "__int64" в "unsigned int", возможна потеря данных
     1>c:\users\илья\documents\visual studio 2013\projects\da6\consoleapplication1\consoleapplication1.cpp(68): warning C4244: аргумент: преобразование "__int64" в "unsigned int", возможна потеря данных
     1>c:\users\илья\documents\visual studio 2013\projects\da6\consoleapplication1\consoleapplication1.cpp(82): warning C4244: аргумент: преобразование "__int64" в "unsigned int", возможна потеря данных
     1>c:\users\илья\documents\visual studio 2013\projects\da6\consoleapplication1\consoleapplication1.cpp(85): warning C4244: аргумент: преобразование "__int64" в "unsigned int", возможна потеря данных
     1>c:\users\илья\documents\visual studio 2013\projects\da6\consoleapplication1\consoleapplication1.cpp(99): warning C4244: аргумент: преобразование "__int64" в "unsigned int", возможна потеря данных
     1>c:\users\илья\documents\visual studio 2013\projects\da6\consoleapplication1\consoleapplication1.cpp(102): warning C4244: аргумент: преобразование "__int64" в "unsigned int", возможна потеря данных
     1>c:\users\илья\documents\visual studio 2013\projects\da6\consoleapplication1\consoleapplication1.cpp(112): warning C4244: аргумент: преобразование "__int64" в "unsigned int", возможна потеря данных
     1>c:\users\илья\documents\visual studio 2013\projects\da6\consoleapplication1\consoleapplication1.cpp(113): warning C4244: аргумент: преобразование "__int64" в "unsigned int", возможна потеря данных
     1>c:\users\илья\documents\visual studio 2013\projects\da6\consoleapplication1\consoleapplication1.cpp(115): warning C4244: аргумент: преобразование "__int64" в "unsigned int", возможна потеря данных
     1>c:\users\илья\documents\visual studio 2013\projects\da6\consoleapplication1\consoleapplication1.cpp(116): warning C4244: аргумент: преобразование "__int64" в "unsigned int", возможна потеря данных
     1>c:\users\илья\documents\visual studio 2013\projects\da6\consoleapplication1\consoleapplication1.cpp(119): warning C4244: аргумент: преобразование "__int64" в "unsigned int", возможна потеря данных
     1>c:\users\илья\documents\visual studio 2013\projects\da6\consoleapplication1\consoleapplication1.cpp(122): warning C4244: аргумент: преобразование "__int64" в "unsigned int", возможна потеря данных
     1>c:\users\илья\documents\visual studio 2013\projects\da6\consoleapplication1\consoleapplication1.cpp(131): warning C4244: аргумент: преобразование "__int64" в "unsigned int", возможна потеря данных
     1>c:\users\илья\documents\visual studio 2013\projects\da6\consoleapplication1\consoleapplication1.cpp(132): warning C4244: аргумент: преобразование "__int64" в "unsigned int", возможна потеря данных
     1>c:\users\илья\documents\visual studio 2013\projects\da6\consoleapplication1\consoleapplication1.cpp(135): warning C4244: аргумент: преобразование "__int64" в "unsigned int", возможна потеря данных
     1>c:\users\илья\documents\visual studio 2013\projects\da6\consoleapplication1\consoleapplication1.cpp(136): warning C4244: аргумент: преобразование "__int64" в "unsigned int", возможна потеря данных
     1>c:\users\илья\documents\visual studio 2013\projects\da6\consoleapplication1\consoleapplication1.cpp(138): warning C4244: аргумент: преобразование "__int64" в "unsigned int", возможна потеря данных
     1>c:\users\илья\documents\visual studio 2013\projects\da6\consoleapplication1\consoleapplication1.cpp(139): warning C4244: аргумент: преобразование "__int64" в "unsigned int", возможна потеря данных
     1>c:\users\илья\documents\visual studio 2013\projects\da6\consoleapplication1\consoleapplication1.cpp(148): warning C4018: <: несоответствие типов со знаком и без знака
     1>c:\users\илья\documents\visual studio 2013\projects\da6\consoleapplication1\consoleapplication1.cpp(150): warning C4018: <: несоответствие типов со знаком и без знака
     1>c:\users\илья\documents\visual studio 2013\projects\da6\consoleapplication1\consoleapplication1.cpp(159): warning C4244: аргумент: преобразование "__int64" в "unsigned int", возможна потеря данных
     1>c:\users\илья\documents\visual studio 2013\projects\da6\consoleapplication1\consoleapplication1.cpp(160): warning C4244: аргумент: преобразование "__int64" в "unsigned int", возможна потеря данных
     1>c:\users\илья\documents\visual studio 2013\projects\da6\consoleapplication1\consoleapplication1.cpp(223): warning C4244: аргумент: преобразование "__int64" в "unsigned int", возможна потеря данных
     1>c:\users\илья\documents\visual studio 2013\projects\da6\consoleapplication1\consoleapplication1.cpp(224): warning C4244: аргумент: преобразование "__int64" в "unsigned int", возможна потеря данных
       Link:
         C:\Program Files\Microsoft Visual Studio 12.0\VC\bin\link.exe /ERRORREPORT:PROMPT /OUT:"C:\Users\Илья\Documents\Visual Studio 2013\Projects\da6\Debug\ConsoleApplication1.exe" /INCREMENTAL:NO /NOLOGO kernel32.lib user32.lib gdi32.lib winspool.lib comdlg32.lib advapi32.lib shell32.lib ole32.lib oleaut32.lib uuid.lib odbc32.lib odbccp32.lib /MANIFEST /MANIFESTUAC:"level='asInvoker' uiAccess='false'" /manifest:embed /DEBUG /PDB:"C:\Users\Илья\Documents\Visual Studio 2013\Projects\da6\Debug\ConsoleApplication1.pdb" /SUBSYSTEM:CONSOLE /TLBID:1 /DYNAMICBASE /NXCOMPAT /IMPLIB:"C:\Users\Илья\Documents\Visual Studio 2013\Projects\da6\Debug\ConsoleApplication1.lib" /MACHINE:X86 Debug\ConsoleApplication1.obj
         Debug\stdafx.obj
     1>ConsoleApplication1.obj : warning LNK4075: не учитывается "/EDITANDCONTINUE" из-за спецификации "/OPT:LBR"
         ConsoleApplication1.vcxproj -> C:\Users\Илья\Documents\Visual Studio 2013\Projects\da6\Debug\ConsoleApplication1.exe
     1>Сборка проекта "C:\Users\Илья\Documents\Visual Studio 2013\Projects\da6\ConsoleApplication1\ConsoleApplication1.vcxproj" завершена (целевые объекты Build).

Сборка успешно завершена.

Затраченное время: 00:00:01.90
